<?xml version="1.0" encoding="UTF-8"?>
<!-- Generated by org.testng.reporters.JUnitXMLReporter -->
<testsuite hostname="preelap" ignored="0" name="Command line test" tests="6" failures="0" timestamp="30 Jun 2018 06:32:00 GMT" time="1.772" errors="0">
  <testcase name="successStatusTest" time="1.524" classname="com.assignment.ApiTest.GetMethodTest"/>
  <testcase name="successStatusTest" time="0.041" classname="com.assignment.ApiTest.PostMethodTest"/>
  <testcase name="resourceNotFoundTest" time="0.028" classname="com.assignment.ApiTest.GetMethodTest"/>
  <testcase name="resourceNotFoundTest" time="0.018" classname="com.assignment.ApiTest.PostMethodTest"/>
  <testcase name="unsupportedMediaTest" time="0.017" classname="com.assignment.ApiTest.PostMethodTest"/>
  <testcase name="successWithAuthTest" time="0.023" classname="com.assignment.ApiTest.PostMethodTest"/>
</testsuite> <!-- Command line test -->
