<?xml version="1.0" encoding="UTF-8"?>
<testng-results skipped="0" failed="0" ignored="0" total="2" passed="2">
  <reporter-output>
  </reporter-output>
  <suite name="Default suite" duration-ms="1418" started-at="2018-06-30T06:30:52Z" finished-at="2018-06-30T06:30:54Z">
    <groups>
    </groups>
    <test name="Default test" duration-ms="1418" started-at="2018-06-30T06:30:52Z" finished-at="2018-06-30T06:30:54Z">
      <class name="com.assignment.ApiTest.GetMethodTest">
        <test-method status="PASS" signature="addSpace()[pri:0, instance:com.assignment.ApiTest.GetMethodTest@210366b4]" name="addSpace" is-config="true" duration-ms="17" started-at="2018-06-30T06:30:52Z" finished-at="2018-06-30T06:30:52Z">
          <reporter-output>
          </reporter-output>
        </test-method> <!-- addSpace -->
        <test-method status="PASS" signature="successStatusTest()[pri:1, instance:com.assignment.ApiTest.GetMethodTest@210366b4]" name="successStatusTest" duration-ms="1246" started-at="2018-06-30T06:30:52Z" finished-at="2018-06-30T06:30:53Z">
          <reporter-output>
          </reporter-output>
        </test-method> <!-- successStatusTest -->
        <test-method status="PASS" signature="addSpace()[pri:0, instance:com.assignment.ApiTest.GetMethodTest@210366b4]" name="addSpace" is-config="true" duration-ms="4" started-at="2018-06-30T06:30:53Z" finished-at="2018-06-30T06:30:53Z">
          <reporter-output>
          </reporter-output>
        </test-method> <!-- addSpace -->
        <test-method status="PASS" signature="resourceNotFoundTest()[pri:2, instance:com.assignment.ApiTest.GetMethodTest@210366b4]" name="resourceNotFoundTest" duration-ms="43" started-at="2018-06-30T06:30:53Z" finished-at="2018-06-30T06:30:54Z">
          <reporter-output>
          </reporter-output>
        </test-method> <!-- resourceNotFoundTest -->
      </class> <!-- com.assignment.ApiTest.GetMethodTest -->
    </test> <!-- Default test -->
  </suite> <!-- Default suite -->
</testng-results>
